<html>
<head>
<title>TestNG:  Default test</title>
<link href="../testng.css" rel="stylesheet" type="text/css" />
<link href="../my-testng.css" rel="stylesheet" type="text/css" />

<style type="text/css">
.log { display: none;} 
.stack-trace { display: none;} 
</style>
<script type="text/javascript">
<!--
function flip(e) {
  current = e.style.display;
  if (current == 'block') {
    e.style.display = 'none';
    return 0;
  }
  else {
    e.style.display = 'block';
    return 1;
  }
}

function toggleBox(szDivId, elem, msg1, msg2)
{
  var res = -1;  if (document.getElementById) {
    res = flip(document.getElementById(szDivId));
  }
  else if (document.all) {
    // this is the way old msie versions work
    res = flip(document.all[szDivId]);
  }
  if(elem) {
    if(res == 0) elem.innerHTML = msg1; else elem.innerHTML = msg2;
  }

}

function toggleAllBoxes() {
  if (document.getElementsByTagName) {
    d = document.getElementsByTagName('div');
    for (i = 0; i < d.length; i++) {
      if (d[i].className == 'log') {
        flip(d[i]);
      }
    }
  }
}

// -->
</script>

</head>
<body>
<h2 align='center'>Default test</h2><table border='1' align="center">
<tr>
<td>Tests passed/Failed/Skipped:</td><td>0/5/0</td>
</tr><tr>
<td>Started on:</td><td>Thu Jul 24 16:09:04 NZST 2025</td>
</tr>
<tr><td>Total time:</td><td>71 seconds (71511 ms)</td>
</tr><tr>
<td>Included groups:</td><td></td>
</tr><tr>
<td>Excluded groups:</td><td></td>
</tr>
</table><p/>
<small><i>(Hover the method name to see the test class name)</i></small><p/>
<table width='100%' border='1' class='invocation-failed'>
<tr><td colspan='4' align='center'><b>FAILED TESTS</b></td></tr>
<tr><td><b>Test method</b></td>
<td><b>Attribute(s)</b></td>
<td width="30%"><b>Exception</b></td>
<td width="10%"><b>Time (seconds)</b></td>
<td><b>Instance</b></td>
</tr>
<tr>
<td title='appiumJava.testqa.runners.TestRunner.runScenario()'><b>runScenario</b><br>Test class: appiumJava.testqa.runners.TestRunner<br>Test method: Runs Cucumber Scenarios<br>Parameters: "Checkout a product successfully", "Checkout product from General Store"</td>
<td><div><pre>org.openqa.selenium.SessionNotCreatedException: Could not start a new session. Response code 500. Message: An unknown server-side error occurred while processing the command. Original error: The instrumentation process cannot be initialized. Make sure the application under test does not crash and investigate the logcat output. 
Host info: host: &apos;JPOGI&apos;, ip: &apos;192.168.68.51&apos;
Build info: version: &apos;4.34.0&apos;, revision: &apos;707dcb4246*&apos;
System info: os.name: &apos;Windows 11&apos;, os.arch: &apos;amd64&apos;, os.version: &apos;10.0&apos;, java.version: &apos;24.0.2&apos;
Driver info: io.appium.java_client.android.AndroidDriver
Command: [null, newSession {capabilities=[Capabilities {appium:appActivity: org.wikipedia.main.MainActi..., appium:appPackage: org.wikipedia, appium:appWaitActivity: *, appium:appWaitDuration: 10000, appium:appWaitForLaunch: true, appium:automationName: UiAutomator2, appium:deviceName: RZ8R1178SHH, appium:fullReset: false, appium:noReset: true, appium:platformVersion: 13.0, platformName: ANDROID}]}]
Capabilities {appium:appActivity: org.wikipedia.main.MainActi..., appium:appPackage: org.wikipedia, appium:appWaitActivity: *, appium:appWaitDuration: 10000, appium:appWaitForLaunch: true, appium:automationName: UiAutomator2, appium:deviceName: RZ8R1178SHH, appium:fullReset: false, appium:noReset: true, appium:platformVersion: 13.0, platformName: ANDROID}
	at org.openqa.selenium.remote.ProtocolHandshake.createSession(ProtocolHandshake.java:114)
	at org.openqa.selenium.remote.ProtocolHandshake.createSession(ProtocolHandshake.java:75)
	at org.openqa.selenium.remote.ProtocolHandshake.createSession(ProtocolHandshake.java:61)
	at io.appium.java_client.remote.AppiumCommandExecutor.createSession(AppiumCommandExecutor.java:179)
	at io.appium.java_client.remote.AppiumCommandExecutor.execute(AppiumCommandExecutor.java:244)
	at org.openqa.selenium.remote.RemoteWebDriver.execute(RemoteWebDriver.java:544)
	at io.appium.java_client.AppiumDriver.startSession(AppiumDriver.java:313)
	at org.openqa.selenium.remote.RemoteWebDriver.&lt;init&gt;(RemoteWebDriver.java:173)
	at io.appium.java_client.AppiumDriver.&lt;init&gt;(AppiumDriver.java:101)
	at io.appium.java_client.AppiumDriver.&lt;init&gt;(AppiumDriver.java:113)
	at io.appium.java_client.android.AndroidDriver.&lt;init&gt;(AndroidDriver.java:109)
	at appiumJava.testqa.utils.DriverManager.initDriver(DriverManager.java:53)
	at appiumJava.testqa.utils.Hooks.setUp(Hooks.java:20)
</pre></div><a href='#' onClick='toggleBox("stack-trace1235155342", this, "Click to show all stack frames", "Click to hide stack frames")'>Click to show all stack frames</a>
<div class='stack-trace' id='stack-trace1235155342'><pre>org.openqa.selenium.SessionNotCreatedException: Could not start a new session. Response code 500. Message: An unknown server-side error occurred while processing the command. Original error: The instrumentation process cannot be initialized. Make sure the application under test does not crash and investigate the logcat output. 
Host info: host: &apos;JPOGI&apos;, ip: &apos;192.168.68.51&apos;
Build info: version: &apos;4.34.0&apos;, revision: &apos;707dcb4246*&apos;
System info: os.name: &apos;Windows 11&apos;, os.arch: &apos;amd64&apos;, os.version: &apos;10.0&apos;, java.version: &apos;24.0.2&apos;
Driver info: io.appium.java_client.android.AndroidDriver
Command: [null, newSession {capabilities=[Capabilities {appium:appActivity: org.wikipedia.main.MainActi..., appium:appPackage: org.wikipedia, appium:appWaitActivity: *, appium:appWaitDuration: 10000, appium:appWaitForLaunch: true, appium:automationName: UiAutomator2, appium:deviceName: RZ8R1178SHH, appium:fullReset: false, appium:noReset: true, appium:platformVersion: 13.0, platformName: ANDROID}]}]
Capabilities {appium:appActivity: org.wikipedia.main.MainActi..., appium:appPackage: org.wikipedia, appium:appWaitActivity: *, appium:appWaitDuration: 10000, appium:appWaitForLaunch: true, appium:automationName: UiAutomator2, appium:deviceName: RZ8R1178SHH, appium:fullReset: false, appium:noReset: true, appium:platformVersion: 13.0, platformName: ANDROID}
	at org.openqa.selenium.remote.ProtocolHandshake.createSession(ProtocolHandshake.java:114)
	at org.openqa.selenium.remote.ProtocolHandshake.createSession(ProtocolHandshake.java:75)
	at org.openqa.selenium.remote.ProtocolHandshake.createSession(ProtocolHandshake.java:61)
	at io.appium.java_client.remote.AppiumCommandExecutor.createSession(AppiumCommandExecutor.java:179)
	at io.appium.java_client.remote.AppiumCommandExecutor.execute(AppiumCommandExecutor.java:244)
	at org.openqa.selenium.remote.RemoteWebDriver.execute(RemoteWebDriver.java:544)
	at io.appium.java_client.AppiumDriver.startSession(AppiumDriver.java:313)
	at org.openqa.selenium.remote.RemoteWebDriver.&lt;init&gt;(RemoteWebDriver.java:173)
	at io.appium.java_client.AppiumDriver.&lt;init&gt;(AppiumDriver.java:101)
	at io.appium.java_client.AppiumDriver.&lt;init&gt;(AppiumDriver.java:113)
	at io.appium.java_client.android.AndroidDriver.&lt;init&gt;(AndroidDriver.java:109)
	at appiumJava.testqa.utils.DriverManager.initDriver(DriverManager.java:53)
	at appiumJava.testqa.utils.Hooks.setUp(Hooks.java:20)
</pre></div></td>
<td>12</td>
<td>appiumJava.testqa.runners.TestRunner@409bf450</td></tr>
<tr>
<td title='appiumJava.testqa.runners.TestRunner.runScenario()'><b>runScenario</b><br>Test class: appiumJava.testqa.runners.TestRunner<br>Test method: Runs Cucumber Scenarios<br>Parameters: "User selects country and proceeds to shop", "Shopping preferences selection in General Store app"</td>
<td><div><pre>org.openqa.selenium.TimeoutException: Expected condition failed: waiting for element to be clickable: By.id: com.androidsample.generalstore:id/spinnerCountry (tried for 10 second(s) with 500 milliseconds interval)
Build info: version: &apos;4.34.0&apos;, revision: &apos;707dcb4246*&apos;
System info: os.name: &apos;Windows 11&apos;, os.arch: &apos;amd64&apos;, os.version: &apos;10.0&apos;, java.version: &apos;24.0.2&apos;
Driver info: io.appium.java_client.android.AndroidDriver
Capabilities {appium:appActivity: org.wikipedia.main.MainActi..., appium:appPackage: org.wikipedia, appium:appWaitActivity: *, appium:appWaitDuration: 10000, appium:appWaitForLaunch: true, appium:automationName: UiAutomator2, appium:databaseEnabled: false, appium:desired: {appActivity: org.wikipedia.main.MainActi..., appPackage: org.wikipedia, appWaitActivity: *, appWaitDuration: 10000, appWaitForLaunch: true, automationName: UiAutomator2, deviceName: RZ8R1178SHH, fullReset: false, noReset: true, platformName: ANDROID, platformVersion: 13.0}, appium:deviceApiLevel: 33, appium:deviceManufacturer: samsung, appium:deviceModel: SM-A715F, appium:deviceName: RZ8R1178SHH, appium:deviceScreenDensity: 420, appium:deviceScreenSize: 1080x2400, appium:deviceUDID: RZ8R1178SHH, appium:fullReset: false, appium:javascriptEnabled: true, appium:locationContextEnabled: false, appium:networkConnectionEnabled: true, appium:noReset: true, appium:pixelRatio: 2.625, appium:platformVersion: 13, appium:statBarHeight: 91, appium:takesScreenshot: true, appium:viewportRect: {height: 2309, left: 0, top: 91, width: 1080}, appium:warnings: {}, appium:webStorageEnabled: false, platformName: ANDROID}
Session ID: a600b85c-6992-4cc2-8aa9-ba7597cffe96
	at org.openqa.selenium.support.ui.WebDriverWait.timeoutException(WebDriverWait.java:84)
	at org.openqa.selenium.support.ui.FluentWait.until(FluentWait.java:228)
	at appiumJava.testqa.utils.CommonActions.click(CommonActions.java:50)
	at appiumJava.testqa.pages.GeneralStorePage.selectCountry(GeneralStorePage.java:26)
	at appiumJava.testqa.stepdefinitions.GeneralStoreAppSteps.i_select_from_the_country_dropdown(GeneralStoreAppSteps.java:23)
	at ✽.I select &quot;Argentina&quot; from the country dropdown(file:///C:/Users/jerom/git/Java-MVN-Appium-BDD/src/test/resources/features/generalStore.feature:13)
</pre></div><a href='#' onClick='toggleBox("stack-trace1912172027", this, "Click to show all stack frames", "Click to hide stack frames")'>Click to show all stack frames</a>
<div class='stack-trace' id='stack-trace1912172027'><pre>org.openqa.selenium.TimeoutException: Expected condition failed: waiting for element to be clickable: By.id: com.androidsample.generalstore:id/spinnerCountry (tried for 10 second(s) with 500 milliseconds interval)
Build info: version: &apos;4.34.0&apos;, revision: &apos;707dcb4246*&apos;
System info: os.name: &apos;Windows 11&apos;, os.arch: &apos;amd64&apos;, os.version: &apos;10.0&apos;, java.version: &apos;24.0.2&apos;
Driver info: io.appium.java_client.android.AndroidDriver
Capabilities {appium:appActivity: org.wikipedia.main.MainActi..., appium:appPackage: org.wikipedia, appium:appWaitActivity: *, appium:appWaitDuration: 10000, appium:appWaitForLaunch: true, appium:automationName: UiAutomator2, appium:databaseEnabled: false, appium:desired: {appActivity: org.wikipedia.main.MainActi..., appPackage: org.wikipedia, appWaitActivity: *, appWaitDuration: 10000, appWaitForLaunch: true, automationName: UiAutomator2, deviceName: RZ8R1178SHH, fullReset: false, noReset: true, platformName: ANDROID, platformVersion: 13.0}, appium:deviceApiLevel: 33, appium:deviceManufacturer: samsung, appium:deviceModel: SM-A715F, appium:deviceName: RZ8R1178SHH, appium:deviceScreenDensity: 420, appium:deviceScreenSize: 1080x2400, appium:deviceUDID: RZ8R1178SHH, appium:fullReset: false, appium:javascriptEnabled: true, appium:locationContextEnabled: false, appium:networkConnectionEnabled: true, appium:noReset: true, appium:pixelRatio: 2.625, appium:platformVersion: 13, appium:statBarHeight: 91, appium:takesScreenshot: true, appium:viewportRect: {height: 2309, left: 0, top: 91, width: 1080}, appium:warnings: {}, appium:webStorageEnabled: false, platformName: ANDROID}
Session ID: a600b85c-6992-4cc2-8aa9-ba7597cffe96
	at org.openqa.selenium.support.ui.WebDriverWait.timeoutException(WebDriverWait.java:84)
	at org.openqa.selenium.support.ui.FluentWait.until(FluentWait.java:228)
	at appiumJava.testqa.utils.CommonActions.click(CommonActions.java:50)
	at appiumJava.testqa.pages.GeneralStorePage.selectCountry(GeneralStorePage.java:26)
	at appiumJava.testqa.stepdefinitions.GeneralStoreAppSteps.i_select_from_the_country_dropdown(GeneralStoreAppSteps.java:23)
	at ✽.I select &quot;Argentina&quot; from the country dropdown(file:///C:/Users/jerom/git/Java-MVN-Appium-BDD/src/test/resources/features/generalStore.feature:13)
</pre></div></td>
<td>16</td>
<td>appiumJava.testqa.runners.TestRunner@409bf450</td></tr>
<tr>
<td title='appiumJava.testqa.runners.TestRunner.runScenario()'><b>runScenario</b><br>Test class: appiumJava.testqa.runners.TestRunner<br>Test method: Runs Cucumber Scenarios<br>Parameters: "Checkout a product successfully", "Checkout product from General Store"</td>
<td><div><pre>org.openqa.selenium.WebDriverException: An unknown server-side error occurred while processing the command. Original error: Could not proxy command to the remote server. Original error: socket hang up
Build info: version: &apos;4.34.0&apos;, revision: &apos;707dcb4246*&apos;
System info: os.name: &apos;Windows 11&apos;, os.arch: &apos;amd64&apos;, os.version: &apos;10.0&apos;, java.version: &apos;24.0.2&apos;
Driver info: io.appium.java_client.android.AndroidDriver
Command: [d9f8480a-8266-4b4b-aa2d-d0f99b8fe1b0, findElement {value=com.androidsample.generalstore:id/spinnerCountry, using=id}]
Capabilities {appium:appActivity: org.wikipedia.main.MainActi..., appium:appPackage: org.wikipedia, appium:appWaitActivity: *, appium:appWaitDuration: 10000, appium:appWaitForLaunch: true, appium:automationName: UiAutomator2, appium:databaseEnabled: false, appium:desired: {appActivity: org.wikipedia.main.MainActi..., appPackage: org.wikipedia, appWaitActivity: *, appWaitDuration: 10000, appWaitForLaunch: true, automationName: UiAutomator2, deviceName: RZ8R1178SHH, fullReset: false, noReset: true, platformName: ANDROID, platformVersion: 13.0}, appium:deviceApiLevel: 33, appium:deviceManufacturer: samsung, appium:deviceModel: SM-A715F, appium:deviceName: RZ8R1178SHH, appium:deviceScreenDensity: 420, appium:deviceScreenSize: 1080x2400, appium:deviceUDID: RZ8R1178SHH, appium:fullReset: false, appium:javascriptEnabled: true, appium:locationContextEnabled: false, appium:networkConnectionEnabled: true, appium:noReset: true, appium:pixelRatio: 2.625, appium:platformVersion: 13, appium:statBarHeight: 91, appium:takesScreenshot: true, appium:viewportRect: {height: 2309, left: 0, top: 91, width: 1080}, appium:warnings: {}, appium:webStorageEnabled: false, platformName: ANDROID}
Session ID: d9f8480a-8266-4b4b-aa2d-d0f99b8fe1b0
	at java.base/jdk.internal.reflect.DirectConstructorHandleAccessor.newInstance(DirectConstructorHandleAccessor.java:62)
	at java.base/java.lang.reflect.Constructor.newInstanceWithCaller(Constructor.java:499)
	at java.base/java.lang.reflect.Constructor.newInstance(Constructor.java:483)
	at org.openqa.selenium.remote.ErrorCodec.decode(ErrorCodec.java:167)
	at org.openqa.selenium.remote.codec.w3c.W3CHttpResponseCodec.decode(W3CHttpResponseCodec.java:138)
	at org.openqa.selenium.remote.codec.w3c.W3CHttpResponseCodec.decode(W3CHttpResponseCodec.java:50)
	at org.openqa.selenium.remote.HttpCommandExecutor.execute(HttpCommandExecutor.java:215)
	at io.appium.java_client.remote.AppiumCommandExecutor.execute(AppiumCommandExecutor.java:244)
	at org.openqa.selenium.remote.RemoteWebDriver.execute(RemoteWebDriver.java:544)
	at org.openqa.selenium.remote.ElementLocation$ElementFinder$2.findElement(ElementLocation.java:165)
	at org.openqa.selenium.remote.ElementLocation.findElement(ElementLocation.java:66)
	at org.openqa.selenium.remote.RemoteWebDriver.findElement(RemoteWebDriver.java:367)
	at org.openqa.selenium.remote.RemoteWebDriver.findElement(RemoteWebDriver.java:361)
	at org.openqa.selenium.support.ui.ExpectedConditions$7.apply(ExpectedConditions.java:194)
	at org.openqa.selenium.support.ui.ExpectedConditions$7.apply(ExpectedConditions.java:190)
	at org.openqa.selenium.support.ui.ExpectedConditions$22.apply(ExpectedConditions.java:627)
	at org.openqa.selenium.support.ui.ExpectedConditions$22.apply(ExpectedConditions.java:624)
	at org.openqa.selenium.support.ui.FluentWait.until(FluentWait.java:203)
	at appiumJava.testqa.utils.CommonActions.click(CommonActions.java:50)
	at appiumJava.testqa.pages.GeneralStorePage.selectCountry(GeneralStorePage.java:26)
	at appiumJava.testqa.stepdefinitions.GeneralStoreCheckoutAppSteps.i_select_country(GeneralStoreCheckoutAppSteps.java:21)
	at ✽.I select country &quot;Argentina&quot;(file:///C:/Users/jerom/git/Java-MVN-Appium-BDD/src/test/resources/features/generalStoreCheckout.feature:11)
</pre></div><a href='#' onClick='toggleBox("stack-trace1522975986", this, "Click to show all stack frames", "Click to hide stack frames")'>Click to show all stack frames</a>
<div class='stack-trace' id='stack-trace1522975986'><pre>org.openqa.selenium.WebDriverException: An unknown server-side error occurred while processing the command. Original error: Could not proxy command to the remote server. Original error: socket hang up
Build info: version: &apos;4.34.0&apos;, revision: &apos;707dcb4246*&apos;
System info: os.name: &apos;Windows 11&apos;, os.arch: &apos;amd64&apos;, os.version: &apos;10.0&apos;, java.version: &apos;24.0.2&apos;
Driver info: io.appium.java_client.android.AndroidDriver
Command: [d9f8480a-8266-4b4b-aa2d-d0f99b8fe1b0, findElement {value=com.androidsample.generalstore:id/spinnerCountry, using=id}]
Capabilities {appium:appActivity: org.wikipedia.main.MainActi..., appium:appPackage: org.wikipedia, appium:appWaitActivity: *, appium:appWaitDuration: 10000, appium:appWaitForLaunch: true, appium:automationName: UiAutomator2, appium:databaseEnabled: false, appium:desired: {appActivity: org.wikipedia.main.MainActi..., appPackage: org.wikipedia, appWaitActivity: *, appWaitDuration: 10000, appWaitForLaunch: true, automationName: UiAutomator2, deviceName: RZ8R1178SHH, fullReset: false, noReset: true, platformName: ANDROID, platformVersion: 13.0}, appium:deviceApiLevel: 33, appium:deviceManufacturer: samsung, appium:deviceModel: SM-A715F, appium:deviceName: RZ8R1178SHH, appium:deviceScreenDensity: 420, appium:deviceScreenSize: 1080x2400, appium:deviceUDID: RZ8R1178SHH, appium:fullReset: false, appium:javascriptEnabled: true, appium:locationContextEnabled: false, appium:networkConnectionEnabled: true, appium:noReset: true, appium:pixelRatio: 2.625, appium:platformVersion: 13, appium:statBarHeight: 91, appium:takesScreenshot: true, appium:viewportRect: {height: 2309, left: 0, top: 91, width: 1080}, appium:warnings: {}, appium:webStorageEnabled: false, platformName: ANDROID}
Session ID: d9f8480a-8266-4b4b-aa2d-d0f99b8fe1b0
	at java.base/jdk.internal.reflect.DirectConstructorHandleAccessor.newInstance(DirectConstructorHandleAccessor.java:62)
	at java.base/java.lang.reflect.Constructor.newInstanceWithCaller(Constructor.java:499)
	at java.base/java.lang.reflect.Constructor.newInstance(Constructor.java:483)
	at org.openqa.selenium.remote.ErrorCodec.decode(ErrorCodec.java:167)
	at org.openqa.selenium.remote.codec.w3c.W3CHttpResponseCodec.decode(W3CHttpResponseCodec.java:138)
	at org.openqa.selenium.remote.codec.w3c.W3CHttpResponseCodec.decode(W3CHttpResponseCodec.java:50)
	at org.openqa.selenium.remote.HttpCommandExecutor.execute(HttpCommandExecutor.java:215)
	at io.appium.java_client.remote.AppiumCommandExecutor.execute(AppiumCommandExecutor.java:244)
	at org.openqa.selenium.remote.RemoteWebDriver.execute(RemoteWebDriver.java:544)
	at org.openqa.selenium.remote.ElementLocation$ElementFinder$2.findElement(ElementLocation.java:165)
	at org.openqa.selenium.remote.ElementLocation.findElement(ElementLocation.java:66)
	at org.openqa.selenium.remote.RemoteWebDriver.findElement(RemoteWebDriver.java:367)
	at org.openqa.selenium.remote.RemoteWebDriver.findElement(RemoteWebDriver.java:361)
	at org.openqa.selenium.support.ui.ExpectedConditions$7.apply(ExpectedConditions.java:194)
	at org.openqa.selenium.support.ui.ExpectedConditions$7.apply(ExpectedConditions.java:190)
	at org.openqa.selenium.support.ui.ExpectedConditions$22.apply(ExpectedConditions.java:627)
	at org.openqa.selenium.support.ui.ExpectedConditions$22.apply(ExpectedConditions.java:624)
	at org.openqa.selenium.support.ui.FluentWait.until(FluentWait.java:203)
	at appiumJava.testqa.utils.CommonActions.click(CommonActions.java:50)
	at appiumJava.testqa.pages.GeneralStorePage.selectCountry(GeneralStorePage.java:26)
	at appiumJava.testqa.stepdefinitions.GeneralStoreCheckoutAppSteps.i_select_country(GeneralStoreCheckoutAppSteps.java:21)
	at ✽.I select country &quot;Argentina&quot;(file:///C:/Users/jerom/git/Java-MVN-Appium-BDD/src/test/resources/features/generalStoreCheckout.feature:11)
</pre></div></td>
<td>12</td>
<td>appiumJava.testqa.runners.TestRunner@409bf450</td></tr>
<tr>
<td title='appiumJava.testqa.runners.TestRunner.runScenario()'><b>runScenario</b><br>Test class: appiumJava.testqa.runners.TestRunner<br>Test method: Runs Cucumber Scenarios<br>Parameters: "User tries to proceed without entering a name", "Shopping preferences selection in General Store app"</td>
<td><div><pre>org.openqa.selenium.WebDriverException: An unknown server-side error occurred while processing the command. Original error: &apos;POST /element&apos; cannot be proxied to UiAutomator2 server because the instrumentation process is not running (probably crashed). Check the server log and/or the logcat output for more details
Build info: version: &apos;4.34.0&apos;, revision: &apos;707dcb4246*&apos;
System info: os.name: &apos;Windows 11&apos;, os.arch: &apos;amd64&apos;, os.version: &apos;10.0&apos;, java.version: &apos;24.0.2&apos;
Driver info: io.appium.java_client.android.AndroidDriver
Command: [b656eaaf-bfbd-44be-9489-a1eb76355288, findElement {value=com.androidsample.generalstore:id/spinnerCountry, using=id}]
Capabilities {appium:appActivity: org.wikipedia.main.MainActi..., appium:appPackage: org.wikipedia, appium:appWaitActivity: *, appium:appWaitDuration: 10000, appium:appWaitForLaunch: true, appium:automationName: UiAutomator2, appium:databaseEnabled: false, appium:desired: {appActivity: org.wikipedia.main.MainActi..., appPackage: org.wikipedia, appWaitActivity: *, appWaitDuration: 10000, appWaitForLaunch: true, automationName: UiAutomator2, deviceName: RZ8R1178SHH, fullReset: false, noReset: true, platformName: ANDROID, platformVersion: 13.0}, appium:deviceApiLevel: 33, appium:deviceManufacturer: samsung, appium:deviceModel: SM-A715F, appium:deviceName: RZ8R1178SHH, appium:deviceScreenDensity: 420, appium:deviceScreenSize: 1080x2400, appium:deviceUDID: RZ8R1178SHH, appium:fullReset: false, appium:javascriptEnabled: true, appium:locationContextEnabled: false, appium:networkConnectionEnabled: true, appium:noReset: true, appium:pixelRatio: 2.625, appium:platformVersion: 13, appium:statBarHeight: 91, appium:takesScreenshot: true, appium:viewportRect: {height: 2309, left: 0, top: 91, width: 1080}, appium:warnings: {}, appium:webStorageEnabled: false, platformName: ANDROID}
Session ID: b656eaaf-bfbd-44be-9489-a1eb76355288
	at java.base/jdk.internal.reflect.DirectConstructorHandleAccessor.newInstance(DirectConstructorHandleAccessor.java:62)
	at java.base/java.lang.reflect.Constructor.newInstanceWithCaller(Constructor.java:499)
	at java.base/java.lang.reflect.Constructor.newInstance(Constructor.java:483)
	at org.openqa.selenium.remote.ErrorCodec.decode(ErrorCodec.java:167)
	at org.openqa.selenium.remote.codec.w3c.W3CHttpResponseCodec.decode(W3CHttpResponseCodec.java:138)
	at org.openqa.selenium.remote.codec.w3c.W3CHttpResponseCodec.decode(W3CHttpResponseCodec.java:50)
	at org.openqa.selenium.remote.HttpCommandExecutor.execute(HttpCommandExecutor.java:215)
	at io.appium.java_client.remote.AppiumCommandExecutor.execute(AppiumCommandExecutor.java:244)
	at org.openqa.selenium.remote.RemoteWebDriver.execute(RemoteWebDriver.java:544)
	at org.openqa.selenium.remote.ElementLocation$ElementFinder$2.findElement(ElementLocation.java:165)
	at org.openqa.selenium.remote.ElementLocation.findElement(ElementLocation.java:59)
	at org.openqa.selenium.remote.RemoteWebDriver.findElement(RemoteWebDriver.java:367)
	at org.openqa.selenium.remote.RemoteWebDriver.findElement(RemoteWebDriver.java:361)
	at org.openqa.selenium.support.ui.ExpectedConditions$7.apply(ExpectedConditions.java:194)
	at org.openqa.selenium.support.ui.ExpectedConditions$7.apply(ExpectedConditions.java:190)
	at org.openqa.selenium.support.ui.ExpectedConditions$22.apply(ExpectedConditions.java:627)
	at org.openqa.selenium.support.ui.ExpectedConditions$22.apply(ExpectedConditions.java:624)
	at org.openqa.selenium.support.ui.FluentWait.until(FluentWait.java:203)
	at appiumJava.testqa.utils.CommonActions.click(CommonActions.java:50)
	at appiumJava.testqa.pages.GeneralStorePage.selectCountry(GeneralStorePage.java:26)
	at appiumJava.testqa.stepdefinitions.GeneralStoreAppSteps.i_select_from_the_country_dropdown(GeneralStoreAppSteps.java:23)
	at ✽.I select &quot;Andorra&quot; from the country dropdown(file:///C:/Users/jerom/git/Java-MVN-Appium-BDD/src/test/resources/features/generalStore.feature:26)
</pre></div><a href='#' onClick='toggleBox("stack-trace13928051", this, "Click to show all stack frames", "Click to hide stack frames")'>Click to show all stack frames</a>
<div class='stack-trace' id='stack-trace13928051'><pre>org.openqa.selenium.WebDriverException: An unknown server-side error occurred while processing the command. Original error: &apos;POST /element&apos; cannot be proxied to UiAutomator2 server because the instrumentation process is not running (probably crashed). Check the server log and/or the logcat output for more details
Build info: version: &apos;4.34.0&apos;, revision: &apos;707dcb4246*&apos;
System info: os.name: &apos;Windows 11&apos;, os.arch: &apos;amd64&apos;, os.version: &apos;10.0&apos;, java.version: &apos;24.0.2&apos;
Driver info: io.appium.java_client.android.AndroidDriver
Command: [b656eaaf-bfbd-44be-9489-a1eb76355288, findElement {value=com.androidsample.generalstore:id/spinnerCountry, using=id}]
Capabilities {appium:appActivity: org.wikipedia.main.MainActi..., appium:appPackage: org.wikipedia, appium:appWaitActivity: *, appium:appWaitDuration: 10000, appium:appWaitForLaunch: true, appium:automationName: UiAutomator2, appium:databaseEnabled: false, appium:desired: {appActivity: org.wikipedia.main.MainActi..., appPackage: org.wikipedia, appWaitActivity: *, appWaitDuration: 10000, appWaitForLaunch: true, automationName: UiAutomator2, deviceName: RZ8R1178SHH, fullReset: false, noReset: true, platformName: ANDROID, platformVersion: 13.0}, appium:deviceApiLevel: 33, appium:deviceManufacturer: samsung, appium:deviceModel: SM-A715F, appium:deviceName: RZ8R1178SHH, appium:deviceScreenDensity: 420, appium:deviceScreenSize: 1080x2400, appium:deviceUDID: RZ8R1178SHH, appium:fullReset: false, appium:javascriptEnabled: true, appium:locationContextEnabled: false, appium:networkConnectionEnabled: true, appium:noReset: true, appium:pixelRatio: 2.625, appium:platformVersion: 13, appium:statBarHeight: 91, appium:takesScreenshot: true, appium:viewportRect: {height: 2309, left: 0, top: 91, width: 1080}, appium:warnings: {}, appium:webStorageEnabled: false, platformName: ANDROID}
Session ID: b656eaaf-bfbd-44be-9489-a1eb76355288
	at java.base/jdk.internal.reflect.DirectConstructorHandleAccessor.newInstance(DirectConstructorHandleAccessor.java:62)
	at java.base/java.lang.reflect.Constructor.newInstanceWithCaller(Constructor.java:499)
	at java.base/java.lang.reflect.Constructor.newInstance(Constructor.java:483)
	at org.openqa.selenium.remote.ErrorCodec.decode(ErrorCodec.java:167)
	at org.openqa.selenium.remote.codec.w3c.W3CHttpResponseCodec.decode(W3CHttpResponseCodec.java:138)
	at org.openqa.selenium.remote.codec.w3c.W3CHttpResponseCodec.decode(W3CHttpResponseCodec.java:50)
	at org.openqa.selenium.remote.HttpCommandExecutor.execute(HttpCommandExecutor.java:215)
	at io.appium.java_client.remote.AppiumCommandExecutor.execute(AppiumCommandExecutor.java:244)
	at org.openqa.selenium.remote.RemoteWebDriver.execute(RemoteWebDriver.java:544)
	at org.openqa.selenium.remote.ElementLocation$ElementFinder$2.findElement(ElementLocation.java:165)
	at org.openqa.selenium.remote.ElementLocation.findElement(ElementLocation.java:59)
	at org.openqa.selenium.remote.RemoteWebDriver.findElement(RemoteWebDriver.java:367)
	at org.openqa.selenium.remote.RemoteWebDriver.findElement(RemoteWebDriver.java:361)
	at org.openqa.selenium.support.ui.ExpectedConditions$7.apply(ExpectedConditions.java:194)
	at org.openqa.selenium.support.ui.ExpectedConditions$7.apply(ExpectedConditions.java:190)
	at org.openqa.selenium.support.ui.ExpectedConditions$22.apply(ExpectedConditions.java:627)
	at org.openqa.selenium.support.ui.ExpectedConditions$22.apply(ExpectedConditions.java:624)
	at org.openqa.selenium.support.ui.FluentWait.until(FluentWait.java:203)
	at appiumJava.testqa.utils.CommonActions.click(CommonActions.java:50)
	at appiumJava.testqa.pages.GeneralStorePage.selectCountry(GeneralStorePage.java:26)
	at appiumJava.testqa.stepdefinitions.GeneralStoreAppSteps.i_select_from_the_country_dropdown(GeneralStoreAppSteps.java:23)
	at ✽.I select &quot;Andorra&quot; from the country dropdown(file:///C:/Users/jerom/git/Java-MVN-Appium-BDD/src/test/resources/features/generalStore.feature:26)
</pre></div></td>
<td>12</td>
<td>appiumJava.testqa.runners.TestRunner@409bf450</td></tr>
<tr>
<td title='appiumJava.testqa.runners.TestRunner.runScenario()'><b>runScenario</b><br>Test class: appiumJava.testqa.runners.TestRunner<br>Test method: Runs Cucumber Scenarios<br>Parameters: "User selects country and proceeds to shop", "Shopping preferences selection in General Store app"</td>
<td><div><pre>org.openqa.selenium.TimeoutException: Expected condition failed: waiting for element to be clickable: By.id: com.androidsample.generalstore:id/spinnerCountry (tried for 10 second(s) with 500 milliseconds interval)
Build info: version: &apos;4.34.0&apos;, revision: &apos;707dcb4246*&apos;
System info: os.name: &apos;Windows 11&apos;, os.arch: &apos;amd64&apos;, os.version: &apos;10.0&apos;, java.version: &apos;24.0.2&apos;
Driver info: io.appium.java_client.android.AndroidDriver
Capabilities {appium:appActivity: org.wikipedia.main.MainActi..., appium:appPackage: org.wikipedia, appium:appWaitActivity: *, appium:appWaitDuration: 10000, appium:appWaitForLaunch: true, appium:automationName: UiAutomator2, appium:databaseEnabled: false, appium:desired: {appActivity: org.wikipedia.main.MainActi..., appPackage: org.wikipedia, appWaitActivity: *, appWaitDuration: 10000, appWaitForLaunch: true, automationName: UiAutomator2, deviceName: RZ8R1178SHH, fullReset: false, noReset: true, platformName: ANDROID, platformVersion: 13.0}, appium:deviceApiLevel: 33, appium:deviceManufacturer: samsung, appium:deviceModel: SM-A715F, appium:deviceName: RZ8R1178SHH, appium:deviceScreenDensity: 420, appium:deviceScreenSize: 1080x2400, appium:deviceUDID: RZ8R1178SHH, appium:fullReset: false, appium:javascriptEnabled: true, appium:locationContextEnabled: false, appium:networkConnectionEnabled: true, appium:noReset: true, appium:pixelRatio: 2.625, appium:platformVersion: 13, appium:statBarHeight: 91, appium:takesScreenshot: true, appium:viewportRect: {height: 2309, left: 0, top: 91, width: 1080}, appium:warnings: {}, appium:webStorageEnabled: false, platformName: ANDROID}
Session ID: 1d79e0ec-92f7-44a8-9936-e6485a0654fb
	at org.openqa.selenium.support.ui.WebDriverWait.timeoutException(WebDriverWait.java:84)
	at org.openqa.selenium.support.ui.FluentWait.until(FluentWait.java:228)
	at appiumJava.testqa.utils.CommonActions.click(CommonActions.java:50)
	at appiumJava.testqa.pages.GeneralStorePage.selectCountry(GeneralStorePage.java:26)
	at appiumJava.testqa.stepdefinitions.GeneralStoreAppSteps.i_select_from_the_country_dropdown(GeneralStoreAppSteps.java:23)
	at ✽.I select &quot;Andorra&quot; from the country dropdown(file:///C:/Users/jerom/git/Java-MVN-Appium-BDD/src/test/resources/features/generalStore.feature:13)
</pre></div><a href='#' onClick='toggleBox("stack-trace2003305136", this, "Click to show all stack frames", "Click to hide stack frames")'>Click to show all stack frames</a>
<div class='stack-trace' id='stack-trace2003305136'><pre>org.openqa.selenium.TimeoutException: Expected condition failed: waiting for element to be clickable: By.id: com.androidsample.generalstore:id/spinnerCountry (tried for 10 second(s) with 500 milliseconds interval)
Build info: version: &apos;4.34.0&apos;, revision: &apos;707dcb4246*&apos;
System info: os.name: &apos;Windows 11&apos;, os.arch: &apos;amd64&apos;, os.version: &apos;10.0&apos;, java.version: &apos;24.0.2&apos;
Driver info: io.appium.java_client.android.AndroidDriver
Capabilities {appium:appActivity: org.wikipedia.main.MainActi..., appium:appPackage: org.wikipedia, appium:appWaitActivity: *, appium:appWaitDuration: 10000, appium:appWaitForLaunch: true, appium:automationName: UiAutomator2, appium:databaseEnabled: false, appium:desired: {appActivity: org.wikipedia.main.MainActi..., appPackage: org.wikipedia, appWaitActivity: *, appWaitDuration: 10000, appWaitForLaunch: true, automationName: UiAutomator2, deviceName: RZ8R1178SHH, fullReset: false, noReset: true, platformName: ANDROID, platformVersion: 13.0}, appium:deviceApiLevel: 33, appium:deviceManufacturer: samsung, appium:deviceModel: SM-A715F, appium:deviceName: RZ8R1178SHH, appium:deviceScreenDensity: 420, appium:deviceScreenSize: 1080x2400, appium:deviceUDID: RZ8R1178SHH, appium:fullReset: false, appium:javascriptEnabled: true, appium:locationContextEnabled: false, appium:networkConnectionEnabled: true, appium:noReset: true, appium:pixelRatio: 2.625, appium:platformVersion: 13, appium:statBarHeight: 91, appium:takesScreenshot: true, appium:viewportRect: {height: 2309, left: 0, top: 91, width: 1080}, appium:warnings: {}, appium:webStorageEnabled: false, platformName: ANDROID}
Session ID: 1d79e0ec-92f7-44a8-9936-e6485a0654fb
	at org.openqa.selenium.support.ui.WebDriverWait.timeoutException(WebDriverWait.java:84)
	at org.openqa.selenium.support.ui.FluentWait.until(FluentWait.java:228)
	at appiumJava.testqa.utils.CommonActions.click(CommonActions.java:50)
	at appiumJava.testqa.pages.GeneralStorePage.selectCountry(GeneralStorePage.java:26)
	at appiumJava.testqa.stepdefinitions.GeneralStoreAppSteps.i_select_from_the_country_dropdown(GeneralStoreAppSteps.java:23)
	at ✽.I select &quot;Andorra&quot; from the country dropdown(file:///C:/Users/jerom/git/Java-MVN-Appium-BDD/src/test/resources/features/generalStore.feature:13)
</pre></div></td>
<td>17</td>
<td>appiumJava.testqa.runners.TestRunner@409bf450</td></tr>
</table><p>
</body>
</html>