<?xml version="1.0" encoding="UTF-8"?>
<testng-results ignored="0" total="1" passed="1" failed="0" skipped="0">
  <reporter-output>
  </reporter-output>
  <suite started-at="2025-07-22T16:33:00 NZST" name="Default suite" finished-at="2025-07-22T16:33:17 NZST" duration-ms="17308">
    <groups>
      <group name="cucumber">
        <method signature="AbstractTestNGCucumberTests.runScenario(io.cucumber.testng.PickleWrapper,io.cucumber.testng.FeatureWrapper)[pri:0, instance:appiumJava.testqa.runners.TestRunner@4b2bac3f]" name="runScenario" class="io.cucumber.testng.AbstractTestNGCucumberTests"/>
      </group> <!-- cucumber -->
    </groups>
    <test started-at="2025-07-22T16:33:00 NZST" name="Default test" finished-at="2025-07-22T16:33:17 NZST" duration-ms="17308">
      <class name="appiumJava.testqa.runners.TestRunner">
        <test-method is-config="true" signature="setUpClass(org.testng.ITestContext)[pri:0, instance:appiumJava.testqa.runners.TestRunner@4b2bac3f]" started-at="2025-07-22T16:33:00 NZST" name="setUpClass" finished-at="2025-07-22T16:33:00 NZST" duration-ms="470" status="PASS">
          <params>
            <param index="0">
              <value>
                <![CDATA[org.testng.TestRunner@96a75da]]>
              </value>
            </param>
          </params>
          <reporter-output>
          </reporter-output>
        </test-method> <!-- setUpClass -->
        <test-method signature="runScenario(io.cucumber.testng.PickleWrapper,io.cucumber.testng.FeatureWrapper)[pri:0, instance:appiumJava.testqa.runners.TestRunner@4b2bac3f]" started-at="2025-07-22T16:33:00 NZST" name="runScenario" description="Runs Cucumber Scenarios" data-provider="scenarios" finished-at="2025-07-22T16:33:17 NZST" duration-ms="16778" status="PASS">
          <params>
            <param index="0">
              <value>
                <![CDATA["User tries to proceed without entering a name"]]>
              </value>
            </param>
            <param index="1">
              <value>
                <![CDATA["Shopping preferences selection in General Store app"]]>
              </value>
            </param>
          </params>
          <reporter-output>
          </reporter-output>
        </test-method> <!-- runScenario -->
        <test-method is-config="true" signature="tearDownClass()[pri:0, instance:appiumJava.testqa.runners.TestRunner@4b2bac3f]" started-at="2025-07-22T16:33:17 NZST" name="tearDownClass" finished-at="2025-07-22T16:33:17 NZST" duration-ms="29" status="PASS">
          <reporter-output>
          </reporter-output>
        </test-method> <!-- tearDownClass -->
      </class> <!-- appiumJava.testqa.runners.TestRunner -->
    </test> <!-- Default test -->
  </suite> <!-- Default suite -->
</testng-results>
