<?xml version="1.0" encoding="UTF-8"?>
<testng-results ignored="0" total="1" passed="1" failed="0" skipped="0">
  <reporter-output>
  </reporter-output>
  <suite started-at="2025-07-15T23:10:26 NZST" name="Appium TestNG Cucumber Suite" finished-at="2025-07-15T23:10:38 NZST" duration-ms="12834">
    <groups>
      <group name="cucumber">
        <method signature="AbstractTestNGCucumberTests.runScenario(io.cucumber.testng.PickleWrapper,io.cucumber.testng.FeatureWrapper)[pri:0, instance:appiumJava.testqa.runners.TestRunner@4b2bac3f]" name="runScenario" class="io.cucumber.testng.AbstractTestNGCucumberTests"/>
      </group> <!-- cucumber -->
    </groups>
    <test started-at="2025-07-15T23:10:26 NZST" name="BDD Tests" finished-at="2025-07-15T23:10:38 NZST" duration-ms="12834">
      <class name="appiumJava.testqa.runners.TestRunner">
        <test-method is-config="true" signature="setUpClass(org.testng.ITestContext)[pri:0, instance:appiumJava.testqa.runners.TestRunner@4b2bac3f]" started-at="2025-07-15T23:10:26 NZST" name="setUpClass" finished-at="2025-07-15T23:10:26 NZST" duration-ms="485" status="PASS">
          <params>
            <param index="0">
              <value>
                <![CDATA[org.testng.TestRunner@64b7225f]]>
              </value>
            </param>
          </params>
          <reporter-output>
          </reporter-output>
        </test-method> <!-- setUpClass -->
        <test-method signature="runScenario(io.cucumber.testng.PickleWrapper,io.cucumber.testng.FeatureWrapper)[pri:0, instance:appiumJava.testqa.runners.TestRunner@4b2bac3f]" started-at="2025-07-15T23:10:26 NZST" name="runScenario" description="Runs Cucumber Scenarios" data-provider="scenarios" finished-at="2025-07-15T23:10:38 NZST" duration-ms="12284" status="PASS">
          <params>
            <param index="0">
              <value>
                <![CDATA["Long press on the Featured Article section"]]>
              </value>
            </param>
            <param index="1">
              <value>
                <![CDATA["Long press on Featured Article in Wikipedia Home Page"]]>
              </value>
            </param>
          </params>
          <reporter-output>
          </reporter-output>
        </test-method> <!-- runScenario -->
        <test-method is-config="true" signature="tearDownClass()[pri:0, instance:appiumJava.testqa.runners.TestRunner@4b2bac3f]" started-at="2025-07-15T23:10:38 NZST" name="tearDownClass" finished-at="2025-07-15T23:10:38 NZST" duration-ms="31" status="PASS">
          <reporter-output>
          </reporter-output>
        </test-method> <!-- tearDownClass -->
      </class> <!-- appiumJava.testqa.runners.TestRunner -->
    </test> <!-- BDD Tests -->
  </suite> <!-- Appium TestNG Cucumber Suite -->
</testng-results>
