<?xml version="1.0" encoding="UTF-8"?>
<testng-results ignored="0" total="1" passed="0" failed="1" skipped="0">
  <reporter-output>
  </reporter-output>
  <suite started-at="2025-07-21T14:32:38 NZST" name="Default suite" finished-at="2025-07-21T14:32:43 NZST" duration-ms="5346">
    <groups>
      <group name="cucumber">
        <method signature="AbstractTestNGCucumberTests.runScenario(io.cucumber.testng.PickleWrapper,io.cucumber.testng.FeatureWrapper)[pri:0, instance:appiumJava.testqa.runners.TestRunner@4b2bac3f]" name="runScenario" class="io.cucumber.testng.AbstractTestNGCucumberTests"/>
      </group> <!-- cucumber -->
    </groups>
    <test started-at="2025-07-21T14:32:38 NZST" name="Default test" finished-at="2025-07-21T14:32:43 NZST" duration-ms="5346">
      <class name="appiumJava.testqa.runners.TestRunner">
        <test-method is-config="true" signature="setUpClass(org.testng.ITestContext)[pri:0, instance:appiumJava.testqa.runners.TestRunner@4b2bac3f]" started-at="2025-07-21T14:32:38 NZST" name="setUpClass" finished-at="2025-07-21T14:32:38 NZST" duration-ms="558" status="PASS">
          <params>
            <param index="0">
              <value>
                <![CDATA[org.testng.TestRunner@6f89292e]]>
              </value>
            </param>
          </params>
          <reporter-output>
          </reporter-output>
        </test-method> <!-- setUpClass -->
        <test-method signature="runScenario(io.cucumber.testng.PickleWrapper,io.cucumber.testng.FeatureWrapper)[pri:0, instance:appiumJava.testqa.runners.TestRunner@4b2bac3f]" started-at="2025-07-21T14:32:39 NZST" name="runScenario" description="Runs Cucumber Scenarios" data-provider="scenarios" finished-at="2025-07-21T14:32:43 NZST" duration-ms="4712" status="FAIL">
          <params>
            <param index="0">
              <value>
                <![CDATA["Scroll until "Scroll Serpent" appears in the search list"]]>
              </value>
            </param>
            <param index="1">
              <value>
                <![CDATA["Scroll through search results until the target element is visible"]]>
              </value>
            </param>
          </params>
          <exception class="io.cucumber.testng.UndefinedStepException">
            <message>
              <![CDATA[The step 'the app is launched' and 3 other step(s) are undefined.
You can implement these steps using the snippet(s) below:

@Given("the app is launched")
public void the_app_is_launched() {
    // Write code here that turns the phrase above into concrete actions
    throw new io.cucumber.java.PendingException();
}
@When("I search for {string}")
public void i_search_for(String string) {
    // Write code here that turns the phrase above into concrete actions
    throw new io.cucumber.java.PendingException();
}
@When("I scroll until I see {string} in the search list")
public void i_scroll_until_i_see_in_the_search_list(String string) {
    // Write code here that turns the phrase above into concrete actions
    throw new io.cucumber.java.PendingException();
}
@Then("I should see {string} displayed on the screen")
public void i_should_see_displayed_on_the_screen(String string) {
    // Write code here that turns the phrase above into concrete actions
    throw new io.cucumber.java.PendingException();
}
]]>
            </message>
            <full-stacktrace>
              <![CDATA[io.cucumber.testng.UndefinedStepException: The step 'the app is launched' and 3 other step(s) are undefined.
You can implement these steps using the snippet(s) below:

@Given("the app is launched")
public void the_app_is_launched() {
    // Write code here that turns the phrase above into concrete actions
    throw new io.cucumber.java.PendingException();
}
@When("I search for {string}")
public void i_search_for(String string) {
    // Write code here that turns the phrase above into concrete actions
    throw new io.cucumber.java.PendingException();
}
@When("I scroll until I see {string} in the search list")
public void i_scroll_until_i_see_in_the_search_list(String string) {
    // Write code here that turns the phrase above into concrete actions
    throw new io.cucumber.java.PendingException();
}
@Then("I should see {string} displayed on the screen")
public void i_should_see_displayed_on_the_screen(String string) {
    // Write code here that turns the phrase above into concrete actions
    throw new io.cucumber.java.PendingException();
}

at ✽.the app is launched(file:///C:/Users/Jerome/eclipse-workspace/testqa/src/test/resources/features/scrollSearchList.feature:9)
]]>
            </full-stacktrace>
          </exception> <!-- io.cucumber.testng.UndefinedStepException -->
          <reporter-output>
          </reporter-output>
        </test-method> <!-- runScenario -->
        <test-method is-config="true" signature="tearDownClass()[pri:0, instance:appiumJava.testqa.runners.TestRunner@4b2bac3f]" started-at="2025-07-21T14:32:43 NZST" name="tearDownClass" finished-at="2025-07-21T14:32:43 NZST" duration-ms="34" status="PASS">
          <reporter-output>
          </reporter-output>
        </test-method> <!-- tearDownClass -->
      </class> <!-- appiumJava.testqa.runners.TestRunner -->
    </test> <!-- Default test -->
  </suite> <!-- Default suite -->
</testng-results>
